fev 28, 2018 4:37:25 PM org.apache.catalina.startup.VersionLoggerListener log
INFORMAÇÕES: Server version:        Apache Tomcat/7.0.82
fev 28, 2018 4:37:25 PM org.apache.catalina.startup.VersionLoggerListener log
INFORMAÇÕES: Server built:          Sep 29 2017 12:23:15 UTC
fev 28, 2018 4:37:25 PM org.apache.catalina.startup.VersionLoggerListener log
INFORMAÇÕES: Server number:         7.0.82.0
fev 28, 2018 4:37:25 PM org.apache.catalina.startup.VersionLoggerListener log
INFORMAÇÕES: OS Name:               Linux
fev 28, 2018 4:37:25 PM org.apache.catalina.startup.VersionLoggerListener log
INFORMAÇÕES: OS Version:            4.12.9-041209-generic
fev 28, 2018 4:37:25 PM org.apache.catalina.startup.VersionLoggerListener log
INFORMAÇÕES: Architecture:          amd64
fev 28, 2018 4:37:25 PM org.apache.catalina.startup.VersionLoggerListener log
INFORMAÇÕES: Java Home:             /usr/lib/jvm/java-8-oracle/jre
fev 28, 2018 4:37:25 PM org.apache.catalina.startup.VersionLoggerListener log
INFORMAÇÕES: JVM Version:           1.8.0_144-b01
fev 28, 2018 4:37:25 PM org.apache.catalina.startup.VersionLoggerListener log
INFORMAÇÕES: JVM Vendor:            Oracle Corporation
fev 28, 2018 4:37:25 PM org.apache.catalina.startup.VersionLoggerListener log
INFORMAÇÕES: CATALINA_BASE:         /home/tiago/eclipse-workspace/apache-tomcat-7.0.82
fev 28, 2018 4:37:25 PM org.apache.catalina.startup.VersionLoggerListener log
INFORMAÇÕES: CATALINA_HOME:         /home/tiago/eclipse-workspace/apache-tomcat-7.0.82
fev 28, 2018 4:37:25 PM org.apache.catalina.startup.VersionLoggerListener log
INFORMAÇÕES: Command line argument: -Djava.util.logging.config.file=/home/tiago/eclipse-workspace/apache-tomcat-7.0.82/conf/logging.properties
fev 28, 2018 4:37:25 PM org.apache.catalina.startup.VersionLoggerListener log
INFORMAÇÕES: Command line argument: -Djava.util.logging.manager=org.apache.juli.ClassLoaderLogManager
fev 28, 2018 4:37:25 PM org.apache.catalina.startup.VersionLoggerListener log
INFORMAÇÕES: Command line argument: -Djdk.tls.ephemeralDHKeySize=2048
fev 28, 2018 4:37:25 PM org.apache.catalina.startup.VersionLoggerListener log
INFORMAÇÕES: Command line argument: -Djava.endorsed.dirs=/home/tiago/eclipse-workspace/apache-tomcat-7.0.82/endorsed
fev 28, 2018 4:37:25 PM org.apache.catalina.startup.VersionLoggerListener log
INFORMAÇÕES: Command line argument: -Dcatalina.base=/home/tiago/eclipse-workspace/apache-tomcat-7.0.82
fev 28, 2018 4:37:25 PM org.apache.catalina.startup.VersionLoggerListener log
INFORMAÇÕES: Command line argument: -Dcatalina.home=/home/tiago/eclipse-workspace/apache-tomcat-7.0.82
fev 28, 2018 4:37:25 PM org.apache.catalina.startup.VersionLoggerListener log
INFORMAÇÕES: Command line argument: -Djava.io.tmpdir=/home/tiago/eclipse-workspace/apache-tomcat-7.0.82/temp
fev 28, 2018 4:37:25 PM org.apache.catalina.core.AprLifecycleListener lifecycleEvent
INFORMAÇÕES: The APR based Apache Tomcat Native library which allows optimal performance in production environments was not found on the java.library.path: /usr/java/packages/lib/amd64:/usr/lib64:/lib64:/lib:/usr/lib
fev 28, 2018 4:37:25 PM org.apache.coyote.AbstractProtocol init
INFORMAÇÕES: Initializing ProtocolHandler ["http-bio-8080"]
fev 28, 2018 4:37:25 PM org.apache.coyote.AbstractProtocol init
INFORMAÇÕES: Initializing ProtocolHandler ["ajp-bio-8009"]
fev 28, 2018 4:37:25 PM org.apache.catalina.startup.Catalina load
INFORMAÇÕES: Initialization processed in 474 ms
fev 28, 2018 4:37:25 PM org.apache.catalina.core.StandardService startInternal
INFORMAÇÕES: Starting service Catalina
fev 28, 2018 4:37:25 PM org.apache.catalina.core.StandardEngine startInternal
INFORMAÇÕES: Starting Servlet Engine: Apache Tomcat/7.0.82
fev 28, 2018 4:37:25 PM org.apache.catalina.startup.HostConfig deployDescriptor
INFORMAÇÕES: Deploying configuration descriptor /home/tiago/eclipse-workspace/apache-tomcat-7.0.82/conf/Catalina/localhost/WEB-INF.xml
fev 28, 2018 4:37:26 PM org.apache.catalina.startup.TldConfig execute
INFORMAÇÕES: At least one JAR was scanned for TLDs yet contained no TLDs. Enable debug logging for this logger for a complete list of JARs that were scanned but no TLDs were found in them. Skipping unneeded JARs during scanning can improve startup time and JSP compilation time.
fev 28, 2018 4:37:26 PM org.apache.catalina.startup.HostConfig deployDescriptor
INFORMAÇÕES: Deployment of configuration descriptor /home/tiago/eclipse-workspace/apache-tomcat-7.0.82/conf/Catalina/localhost/WEB-INF.xml has finished in 400 ms
fev 28, 2018 4:37:26 PM org.apache.catalina.startup.HostConfig deployWAR
INFORMAÇÕES: Deploying web application archive /home/tiago/eclipse-workspace/apache-tomcat-7.0.82/webapps/loja.war
fev 28, 2018 4:37:26 PM org.apache.catalina.startup.TldConfig execute
INFORMAÇÕES: At least one JAR was scanned for TLDs yet contained no TLDs. Enable debug logging for this logger for a complete list of JARs that were scanned but no TLDs were found in them. Skipping unneeded JARs during scanning can improve startup time and JSP compilation time.
fev 28, 2018 4:37:26 PM org.glassfish.jersey.server.ApplicationHandler initialize
INFORMAÇÕES: Initiating Jersey application, version Jersey: 2.5 2013-12-18 14:27:29...
fev 28, 2018 4:37:27 PM org.apache.catalina.startup.HostConfig deployWAR
INFORMAÇÕES: Deployment of web application archive /home/tiago/eclipse-workspace/apache-tomcat-7.0.82/webapps/loja.war has finished in 1,009 ms
fev 28, 2018 4:37:27 PM org.apache.catalina.startup.HostConfig deployDirectory
INFORMAÇÕES: Deploying web application directory /home/tiago/eclipse-workspace/apache-tomcat-7.0.82/webapps/ROOT
fev 28, 2018 4:37:27 PM org.apache.catalina.startup.HostConfig deployDirectory
INFORMAÇÕES: Deployment of web application directory /home/tiago/eclipse-workspace/apache-tomcat-7.0.82/webapps/ROOT has finished in 38 ms
fev 28, 2018 4:37:27 PM org.apache.catalina.startup.HostConfig deployDirectory
INFORMAÇÕES: Deploying web application directory /home/tiago/eclipse-workspace/apache-tomcat-7.0.82/webapps/manager
fev 28, 2018 4:37:27 PM org.apache.catalina.startup.HostConfig deployDirectory
INFORMAÇÕES: Deployment of web application directory /home/tiago/eclipse-workspace/apache-tomcat-7.0.82/webapps/manager has finished in 117 ms
fev 28, 2018 4:37:27 PM org.apache.catalina.startup.HostConfig deployDirectory
INFORMAÇÕES: Deploying web application directory /home/tiago/eclipse-workspace/apache-tomcat-7.0.82/webapps/examples
fev 28, 2018 4:37:27 PM org.apache.catalina.startup.HostConfig deployDirectory
INFORMAÇÕES: Deployment of web application directory /home/tiago/eclipse-workspace/apache-tomcat-7.0.82/webapps/examples has finished in 341 ms
fev 28, 2018 4:37:27 PM org.apache.catalina.startup.HostConfig deployDirectory
INFORMAÇÕES: Deploying web application directory /home/tiago/eclipse-workspace/apache-tomcat-7.0.82/webapps/docs
fev 28, 2018 4:37:27 PM org.apache.catalina.startup.HostConfig deployDirectory
INFORMAÇÕES: Deployment of web application directory /home/tiago/eclipse-workspace/apache-tomcat-7.0.82/webapps/docs has finished in 29 ms
fev 28, 2018 4:37:27 PM org.apache.catalina.startup.HostConfig deployDirectory
INFORMAÇÕES: Deploying web application directory /home/tiago/eclipse-workspace/apache-tomcat-7.0.82/webapps/host-manager
fev 28, 2018 4:37:27 PM org.apache.catalina.startup.HostConfig deployDirectory
INFORMAÇÕES: Deployment of web application directory /home/tiago/eclipse-workspace/apache-tomcat-7.0.82/webapps/host-manager has finished in 32 ms
fev 28, 2018 4:37:27 PM org.apache.coyote.AbstractProtocol start
INFORMAÇÕES: Starting ProtocolHandler ["http-bio-8080"]
fev 28, 2018 4:37:27 PM org.apache.coyote.AbstractProtocol start
INFORMAÇÕES: Starting ProtocolHandler ["ajp-bio-8009"]
fev 28, 2018 4:37:27 PM org.apache.catalina.startup.Catalina start
INFORMAÇÕES: Server startup in 2029 ms
fev 28, 2018 4:48:17 PM org.apache.catalina.core.StandardServer await
INFORMAÇÕES: A valid shutdown command was received via the shutdown port. Stopping the Server instance.
fev 28, 2018 4:48:17 PM org.apache.coyote.AbstractProtocol pause
INFORMAÇÕES: Pausing ProtocolHandler ["http-bio-8080"]
fev 28, 2018 4:48:17 PM org.apache.coyote.AbstractProtocol pause
INFORMAÇÕES: Pausing ProtocolHandler ["ajp-bio-8009"]
fev 28, 2018 4:48:17 PM org.apache.catalina.core.StandardService stopInternal
INFORMAÇÕES: Stopping service Catalina
fev 28, 2018 4:48:17 PM org.apache.coyote.AbstractProtocol stop
INFORMAÇÕES: Stopping ProtocolHandler ["http-bio-8080"]
fev 28, 2018 4:48:17 PM org.apache.coyote.AbstractProtocol stop
INFORMAÇÕES: Stopping ProtocolHandler ["ajp-bio-8009"]
fev 28, 2018 4:48:17 PM org.apache.coyote.AbstractProtocol destroy
INFORMAÇÕES: Destroying ProtocolHandler ["http-bio-8080"]
fev 28, 2018 4:48:17 PM org.apache.coyote.AbstractProtocol destroy
INFORMAÇÕES: Destroying ProtocolHandler ["ajp-bio-8009"]
