jan 03, 2018 10:44:16 AM org.apache.catalina.startup.VersionLoggerListener log
INFORMAÇÕES: Server version:        Apache Tomcat/7.0.82
jan 03, 2018 10:44:16 AM org.apache.catalina.startup.VersionLoggerListener log
INFORMAÇÕES: Server built:          Sep 29 2017 12:23:15 UTC
jan 03, 2018 10:44:16 AM org.apache.catalina.startup.VersionLoggerListener log
INFORMAÇÕES: Server number:         7.0.82.0
jan 03, 2018 10:44:16 AM org.apache.catalina.startup.VersionLoggerListener log
INFORMAÇÕES: OS Name:               Linux
jan 03, 2018 10:44:16 AM org.apache.catalina.startup.VersionLoggerListener log
INFORMAÇÕES: OS Version:            4.12.9-041209-generic
jan 03, 2018 10:44:16 AM org.apache.catalina.startup.VersionLoggerListener log
INFORMAÇÕES: Architecture:          amd64
jan 03, 2018 10:44:16 AM org.apache.catalina.startup.VersionLoggerListener log
INFORMAÇÕES: Java Home:             /usr/lib/jvm/java-8-oracle/jre
jan 03, 2018 10:44:16 AM org.apache.catalina.startup.VersionLoggerListener log
INFORMAÇÕES: JVM Version:           1.8.0_144-b01
jan 03, 2018 10:44:16 AM org.apache.catalina.startup.VersionLoggerListener log
INFORMAÇÕES: JVM Vendor:            Oracle Corporation
jan 03, 2018 10:44:16 AM org.apache.catalina.startup.VersionLoggerListener log
INFORMAÇÕES: CATALINA_BASE:         /home/tiago/Downloads/Java Web/apache-tomcat-7.0.82
jan 03, 2018 10:44:16 AM org.apache.catalina.startup.VersionLoggerListener log
INFORMAÇÕES: CATALINA_HOME:         /home/tiago/Downloads/Java Web/apache-tomcat-7.0.82
jan 03, 2018 10:44:16 AM org.apache.catalina.startup.VersionLoggerListener log
INFORMAÇÕES: Command line argument: -Djava.util.logging.config.file=/home/tiago/Downloads/Java Web/apache-tomcat-7.0.82/conf/logging.properties
jan 03, 2018 10:44:16 AM org.apache.catalina.startup.VersionLoggerListener log
INFORMAÇÕES: Command line argument: -Djava.util.logging.manager=org.apache.juli.ClassLoaderLogManager
jan 03, 2018 10:44:16 AM org.apache.catalina.startup.VersionLoggerListener log
INFORMAÇÕES: Command line argument: -Dhttp.nonProxyHosts=localhost|127.0.0.1|tiago
jan 03, 2018 10:44:16 AM org.apache.catalina.startup.VersionLoggerListener log
INFORMAÇÕES: Command line argument: -Djdk.tls.ephemeralDHKeySize=2048
jan 03, 2018 10:44:16 AM org.apache.catalina.startup.VersionLoggerListener log
INFORMAÇÕES: Command line argument: -Djava.endorsed.dirs=/home/tiago/Downloads/Java Web/apache-tomcat-7.0.82/endorsed
jan 03, 2018 10:44:16 AM org.apache.catalina.startup.VersionLoggerListener log
INFORMAÇÕES: Command line argument: -Dcatalina.base=/home/tiago/Downloads/Java Web/apache-tomcat-7.0.82
jan 03, 2018 10:44:16 AM org.apache.catalina.startup.VersionLoggerListener log
INFORMAÇÕES: Command line argument: -Dcatalina.home=/home/tiago/Downloads/Java Web/apache-tomcat-7.0.82
jan 03, 2018 10:44:16 AM org.apache.catalina.startup.VersionLoggerListener log
INFORMAÇÕES: Command line argument: -Djava.io.tmpdir=/home/tiago/Downloads/Java Web/apache-tomcat-7.0.82/temp
jan 03, 2018 10:44:16 AM org.apache.catalina.core.AprLifecycleListener lifecycleEvent
INFORMAÇÕES: The APR based Apache Tomcat Native library which allows optimal performance in production environments was not found on the java.library.path: /usr/lib/jvm/java-8-oracle/jre/lib/amd64:/usr/lib/jvm/java-8-oracle/jre/lib/i386::/usr/java/packages/lib/amd64:/usr/lib64:/lib64:/lib:/usr/lib
jan 03, 2018 10:44:17 AM org.apache.coyote.AbstractProtocol init
INFORMAÇÕES: Initializing ProtocolHandler ["http-bio-8080"]
jan 03, 2018 10:44:17 AM org.apache.coyote.AbstractProtocol init
INFORMAÇÕES: Initializing ProtocolHandler ["ajp-bio-8009"]
jan 03, 2018 10:44:17 AM org.apache.catalina.startup.Catalina load
INFORMAÇÕES: Initialization processed in 530 ms
jan 03, 2018 10:44:17 AM org.apache.catalina.core.StandardService startInternal
INFORMAÇÕES: Starting service Catalina
jan 03, 2018 10:44:17 AM org.apache.catalina.core.StandardEngine startInternal
INFORMAÇÕES: Starting Servlet Engine: Apache Tomcat/7.0.82
jan 03, 2018 10:44:17 AM org.apache.catalina.startup.HostConfig deployDirectory
INFORMAÇÕES: Deploying web application directory /home/tiago/Downloads/Java Web/apache-tomcat-7.0.82/webapps/ROOT
jan 03, 2018 10:44:17 AM org.apache.catalina.startup.HostConfig deployDirectory
INFORMAÇÕES: Deployment of web application directory /home/tiago/Downloads/Java Web/apache-tomcat-7.0.82/webapps/ROOT has finished in 210 ms
jan 03, 2018 10:44:17 AM org.apache.catalina.startup.HostConfig deployDirectory
INFORMAÇÕES: Deploying web application directory /home/tiago/Downloads/Java Web/apache-tomcat-7.0.82/webapps/manager
jan 03, 2018 10:44:17 AM org.apache.catalina.startup.HostConfig deployDirectory
INFORMAÇÕES: Deployment of web application directory /home/tiago/Downloads/Java Web/apache-tomcat-7.0.82/webapps/manager has finished in 115 ms
jan 03, 2018 10:44:17 AM org.apache.catalina.startup.HostConfig deployDirectory
INFORMAÇÕES: Deploying web application directory /home/tiago/Downloads/Java Web/apache-tomcat-7.0.82/webapps/examples
jan 03, 2018 10:44:17 AM org.apache.catalina.startup.HostConfig deployDirectory
INFORMAÇÕES: Deployment of web application directory /home/tiago/Downloads/Java Web/apache-tomcat-7.0.82/webapps/examples has finished in 191 ms
jan 03, 2018 10:44:17 AM org.apache.catalina.startup.HostConfig deployDirectory
INFORMAÇÕES: Deploying web application directory /home/tiago/Downloads/Java Web/apache-tomcat-7.0.82/webapps/docs
jan 03, 2018 10:44:17 AM org.apache.catalina.startup.HostConfig deployDirectory
INFORMAÇÕES: Deployment of web application directory /home/tiago/Downloads/Java Web/apache-tomcat-7.0.82/webapps/docs has finished in 29 ms
jan 03, 2018 10:44:17 AM org.apache.catalina.startup.HostConfig deployDirectory
INFORMAÇÕES: Deploying web application directory /home/tiago/Downloads/Java Web/apache-tomcat-7.0.82/webapps/host-manager
jan 03, 2018 10:44:17 AM org.apache.catalina.startup.HostConfig deployDirectory
INFORMAÇÕES: Deployment of web application directory /home/tiago/Downloads/Java Web/apache-tomcat-7.0.82/webapps/host-manager has finished in 34 ms
jan 03, 2018 10:44:17 AM org.apache.coyote.AbstractProtocol start
INFORMAÇÕES: Starting ProtocolHandler ["http-bio-8080"]
jan 03, 2018 10:44:17 AM org.apache.coyote.AbstractProtocol start
INFORMAÇÕES: Starting ProtocolHandler ["ajp-bio-8009"]
jan 03, 2018 10:44:17 AM org.apache.catalina.startup.Catalina start
INFORMAÇÕES: Server startup in 659 ms
jan 03, 2018 10:44:33 AM org.apache.catalina.realm.LockOutRealm filterLockedAccounts
ADVERTÊNCIA: An attempt was made to authenticate the locked user "tiago"
jan 03, 2018 10:44:37 AM org.apache.catalina.realm.LockOutRealm filterLockedAccounts
ADVERTÊNCIA: An attempt was made to authenticate the locked user "tiago"
jan 03, 2018 10:44:48 AM org.apache.catalina.realm.LockOutRealm filterLockedAccounts
ADVERTÊNCIA: An attempt was made to authenticate the locked user "tiago"
jan 03, 2018 10:44:48 AM org.apache.catalina.realm.LockOutRealm filterLockedAccounts
ADVERTÊNCIA: An attempt was made to authenticate the locked user "tiago"
jan 03, 2018 10:44:48 AM org.apache.catalina.startup.HostConfig deployDescriptor
INFORMAÇÕES: Deploying configuration descriptor /home/tiago/Downloads/Java Web/apache-tomcat-7.0.82/conf/Catalina/localhost/WEB-INF.xml
jan 03, 2018 10:44:48 AM org.apache.catalina.startup.TldConfig execute
INFORMAÇÕES: At least one JAR was scanned for TLDs yet contained no TLDs. Enable debug logging for this logger for a complete list of JARs that were scanned but no TLDs were found in them. Skipping unneeded JARs during scanning can improve startup time and JSP compilation time.
jan 03, 2018 10:44:48 AM org.apache.catalina.startup.HostConfig deployDescriptor
INFORMAÇÕES: Deployment of configuration descriptor /home/tiago/Downloads/Java Web/apache-tomcat-7.0.82/conf/Catalina/localhost/WEB-INF.xml has finished in 126 ms
jan 03, 2018 10:44:48 AM org.apache.catalina.realm.LockOutRealm filterLockedAccounts
ADVERTÊNCIA: An attempt was made to authenticate the locked user "tiago"
jan 03, 2018 10:44:48 AM org.apache.catalina.util.LifecycleBase start
INFORMAÇÕES: The start() method was called on component [StandardEngine[Catalina].StandardHost[localhost].StandardContext[/WEB-INF]] after start() had already been called. The second call will be ignored.
jan 03, 2018 10:45:01 AM org.apache.catalina.realm.LockOutRealm filterLockedAccounts
ADVERTÊNCIA: An attempt was made to authenticate the locked user "tiago"
jan 03, 2018 10:45:01 AM org.apache.catalina.realm.LockOutRealm filterLockedAccounts
ADVERTÊNCIA: An attempt was made to authenticate the locked user "tiago"
jan 03, 2018 10:49:20 AM org.apache.catalina.realm.LockOutRealm filterLockedAccounts
ADVERTÊNCIA: An attempt was made to authenticate the locked user "tiago"
jan 03, 2018 10:49:20 AM org.apache.catalina.realm.LockOutRealm filterLockedAccounts
ADVERTÊNCIA: An attempt was made to authenticate the locked user "tiago"
jan 03, 2018 10:50:22 AM org.apache.catalina.realm.LockOutRealm filterLockedAccounts
ADVERTÊNCIA: An attempt was made to authenticate the locked user "tiago"
jan 03, 2018 10:50:22 AM org.apache.catalina.realm.LockOutRealm filterLockedAccounts
ADVERTÊNCIA: An attempt was made to authenticate the locked user "tiago"
jan 03, 2018 10:50:22 AM org.apache.catalina.realm.LockOutRealm filterLockedAccounts
ADVERTÊNCIA: An attempt was made to authenticate the locked user "tiago"
jan 03, 2018 10:50:22 AM org.apache.catalina.realm.LockOutRealm filterLockedAccounts
ADVERTÊNCIA: An attempt was made to authenticate the locked user "tiago"
jan 03, 2018 10:50:22 AM org.apache.catalina.startup.TldConfig execute
INFORMAÇÕES: At least one JAR was scanned for TLDs yet contained no TLDs. Enable debug logging for this logger for a complete list of JARs that were scanned but no TLDs were found in them. Skipping unneeded JARs during scanning can improve startup time and JSP compilation time.
jan 03, 2018 10:50:32 AM org.apache.catalina.realm.LockOutRealm filterLockedAccounts
ADVERTÊNCIA: An attempt was made to authenticate the locked user "tiago"
jan 03, 2018 10:50:32 AM org.apache.catalina.realm.LockOutRealm filterLockedAccounts
ADVERTÊNCIA: An attempt was made to authenticate the locked user "tiago"
jan 03, 2018 10:51:23 AM org.apache.catalina.realm.LockOutRealm filterLockedAccounts
ADVERTÊNCIA: An attempt was made to authenticate the locked user "tiago"
jan 03, 2018 10:51:23 AM org.apache.catalina.realm.LockOutRealm filterLockedAccounts
ADVERTÊNCIA: An attempt was made to authenticate the locked user "tiago"
jan 03, 2018 10:51:26 AM org.apache.catalina.realm.LockOutRealm filterLockedAccounts
ADVERTÊNCIA: An attempt was made to authenticate the locked user "tiago"
jan 03, 2018 10:51:26 AM org.apache.catalina.realm.LockOutRealm filterLockedAccounts
ADVERTÊNCIA: An attempt was made to authenticate the locked user "tiago"
jan 03, 2018 11:27:37 AM org.apache.catalina.core.StandardServer await
INFORMAÇÕES: A valid shutdown command was received via the shutdown port. Stopping the Server instance.
jan 03, 2018 11:27:37 AM org.apache.coyote.AbstractProtocol pause
INFORMAÇÕES: Pausing ProtocolHandler ["http-bio-8080"]
jan 03, 2018 11:27:38 AM org.apache.coyote.AbstractProtocol pause
INFORMAÇÕES: Pausing ProtocolHandler ["ajp-bio-8009"]
jan 03, 2018 11:27:38 AM org.apache.catalina.core.StandardService stopInternal
INFORMAÇÕES: Stopping service Catalina
jan 03, 2018 11:27:38 AM org.apache.coyote.AbstractProtocol stop
INFORMAÇÕES: Stopping ProtocolHandler ["http-bio-8080"]
jan 03, 2018 11:27:38 AM org.apache.coyote.AbstractProtocol stop
INFORMAÇÕES: Stopping ProtocolHandler ["ajp-bio-8009"]
jan 03, 2018 11:27:38 AM org.apache.coyote.AbstractProtocol destroy
INFORMAÇÕES: Destroying ProtocolHandler ["http-bio-8080"]
jan 03, 2018 11:27:38 AM org.apache.coyote.AbstractProtocol destroy
INFORMAÇÕES: Destroying ProtocolHandler ["ajp-bio-8009"]
